<?xml version="1.0" encoding="UTF-8"?>
<!-- Generated by org.testng.reporters.JUnitXMLReporter -->
<testsuite ignored="0" hostname="LAPTOP-FKCL0PUL" failures="1" tests="3" name="Test" time="50.648" errors="0" timestamp="2024-01-12T17:36:41 IST">
  <testcase classname="Selenium.Phase5EndProjectAutomateECommWebApp.AutomateFlipkart" name="PageLoadTest" time="0.031"/>
  <testcase classname="Selenium.Phase5EndProjectAutomateECommWebApp.AutomateFlipkart" name="testLazyLodingFeature" time="24.805"/>
  <testcase classname="Selenium.Phase5EndProjectAutomateECommWebApp.AutomateFlipkart" name="testPageNavigateToBottom" time="0.037">
    <failure type="java.lang.ClassCastException" message="class java.lang.Double cannot be cast to class java.lang.Long (java.lang.Double and java.lang.Long are in module java.base of loader &amp;apos;bootstrap&amp;apos;)">
      <![CDATA[java.lang.ClassCastException: class java.lang.Double cannot be cast to class java.lang.Long (java.lang.Double and java.lang.Long are in module java.base of loader 'bootstrap')
at Selenium.Phase5EndProjectAutomateECommWebApp.AutomateFlipkart.testPageNavigateToBottom(AutomateFlipkart.java:71)
at java.base/java.util.ArrayList.forEach(ArrayList.java:1511)
... Removed 27 stack frames]]>
    </failure>
  </testcase> <!-- testPageNavigateToBottom -->
</testsuite> <!-- Test -->
